[2m2024-02-18T16:29:32.564173Z[0m [32m INFO[0m [2mkappa[0m[2m:[0m Starting listener on port 3000
[2m2024-02-18T16:29:33.279563Z[0m [32m INFO[0m [2mkappa::routes::middleware[0m[2m:[0m api key fix
[2m2024-02-18T16:29:33.281066Z[0m [34mDEBUG[0m [2msqlx::query[0m[2m:[0m [3msummary[0m[2m=[0m"SELECT * FROM \"user\" …" [3mdb.statement[0m[2m=[0m"\n\nSELECT\n  *\nFROM\n  \"user\"\nWHERE\n  api_key = $1\n" [3mrows_affected[0m[2m=[0m0 [3mrows_returned[0m[2m=[0m0 [3melapsed[0m[2m=[0m728.112µs
[2m2024-02-18T16:29:33.281123Z[0m [32m INFO[0m [2mkappa::routes::middleware[0m[2m:[0m Error finding user: no rows returned by a query that expected to return at least one row
[2m2024-02-18T16:30:13.802493Z[0m [32m INFO[0m [2mkappa::routes::middleware[0m[2m:[0m api key e89f005e-1640-4ed4-b725-606f80017a4c
[2m2024-02-18T16:30:13.803415Z[0m [34mDEBUG[0m [2msqlx::query[0m[2m:[0m [3msummary[0m[2m=[0m"SELECT * FROM \"user\" …" [3mdb.statement[0m[2m=[0m"\n\nSELECT\n  *\nFROM\n  \"user\"\nWHERE\n  api_key = $1\n" [3mrows_affected[0m[2m=[0m0 [3mrows_returned[0m[2m=[0m1 [3melapsed[0m[2m=[0m207.38µs
[2m2024-02-18T16:30:26.664932Z[0m [32m INFO[0m [2mkappa::routes::middleware[0m[2m:[0m api key e89f005e-1640-4ed4-b725-606f80017a4c
[2m2024-02-18T16:30:26.665849Z[0m [34mDEBUG[0m [2msqlx::query[0m[2m:[0m [3msummary[0m[2m=[0m"SELECT * FROM \"user\" …" [3mdb.statement[0m[2m=[0m"\n\nSELECT\n  *\nFROM\n  \"user\"\nWHERE\n  api_key = $1\n" [3mrows_affected[0m[2m=[0m0 [3mrows_returned[0m[2m=[0m1 [3melapsed[0m[2m=[0m214.661µs
[2m2024-02-18T16:30:26.727605Z[0m [34mDEBUG[0m [2msqlx::query[0m[2m:[0m [3msummary[0m[2m=[0m"SELECT * FROM container …" [3mdb.statement[0m[2m=[0m"\n\nSELECT\n  *\nFROM\n  container\n" [3mrows_affected[0m[2m=[0m0 [3mrows_returned[0m[2m=[0m0 [3melapsed[0m[2m=[0m511.622µs
[2m2024-02-18T16:30:28.097031Z[0m [32m INFO[0m [2mkappa::routes::middleware[0m[2m:[0m api key e89f005e-1640-4ed4-b725-606f80017a4c
[2m2024-02-18T16:30:28.097868Z[0m [34mDEBUG[0m [2msqlx::query[0m[2m:[0m [3msummary[0m[2m=[0m"SELECT * FROM \"user\" …" [3mdb.statement[0m[2m=[0m"\n\nSELECT\n  *\nFROM\n  \"user\"\nWHERE\n  api_key = $1\n" [3mrows_affected[0m[2m=[0m0 [3mrows_returned[0m[2m=[0m1 [3melapsed[0m[2m=[0m199.111µs
[2m2024-02-18T16:30:28.098448Z[0m [34mDEBUG[0m [2msqlx::query[0m[2m:[0m [3msummary[0m[2m=[0m"SELECT * FROM container …" [3mdb.statement[0m[2m=[0m"\n\nSELECT\n  *\nFROM\n  container\n" [3mrows_affected[0m[2m=[0m0 [3mrows_returned[0m[2m=[0m0 [3melapsed[0m[2m=[0m112.461µs
[2m2024-02-18T16:30:28.613926Z[0m [32m INFO[0m [2mkappa::routes::middleware[0m[2m:[0m api key e89f005e-1640-4ed4-b725-606f80017a4c
[2m2024-02-18T16:30:28.614841Z[0m [34mDEBUG[0m [2msqlx::query[0m[2m:[0m [3msummary[0m[2m=[0m"SELECT * FROM \"user\" …" [3mdb.statement[0m[2m=[0m"\n\nSELECT\n  *\nFROM\n  \"user\"\nWHERE\n  api_key = $1\n" [3mrows_affected[0m[2m=[0m0 [3mrows_returned[0m[2m=[0m1 [3melapsed[0m[2m=[0m192.251µs
[2m2024-02-18T16:30:28.615398Z[0m [34mDEBUG[0m [2msqlx::query[0m[2m:[0m [3msummary[0m[2m=[0m"SELECT * FROM container …" [3mdb.statement[0m[2m=[0m"\n\nSELECT\n  *\nFROM\n  container\n" [3mrows_affected[0m[2m=[0m0 [3mrows_returned[0m[2m=[0m0 [3melapsed[0m[2m=[0m110.71µs
[2m2024-02-18T16:31:17.311328Z[0m [32m INFO[0m [2mkappa::routes::middleware[0m[2m:[0m api key e89f005e-1640-4ed4-b725-606f80017a4c
[2m2024-02-18T16:31:17.312132Z[0m [34mDEBUG[0m [2msqlx::query[0m[2m:[0m [3msummary[0m[2m=[0m"SELECT * FROM \"user\" …" [3mdb.statement[0m[2m=[0m"\n\nSELECT\n  *\nFROM\n  \"user\"\nWHERE\n  api_key = $1\n" [3mrows_affected[0m[2m=[0m0 [3mrows_returned[0m[2m=[0m1 [3melapsed[0m[2m=[0m177.7µs
[2m2024-02-18T16:31:17.312232Z[0m [35mTRACE[0m [2maxum::rejection[0m[2m:[0m rejecting request [3mstatus[0m[2m=[0m422 [3mbody[0m[2m=[0m"Failed to deserialize the JSON body into the target type: port: invalid type: string \"123\", expected i32 at line 3 column 16" [3mrejection_type[0m[2m=[0m"axum::extract::rejection::JsonDataError"
[2m2024-02-18T16:31:41.616375Z[0m [32m INFO[0m [2mkappa::routes::middleware[0m[2m:[0m api key e89f005e-1640-4ed4-b725-606f80017a4c
[2m2024-02-18T16:31:41.617578Z[0m [34mDEBUG[0m [2msqlx::query[0m[2m:[0m [3msummary[0m[2m=[0m"SELECT * FROM \"user\" …" [3mdb.statement[0m[2m=[0m"\n\nSELECT\n  *\nFROM\n  \"user\"\nWHERE\n  api_key = $1\n" [3mrows_affected[0m[2m=[0m0 [3mrows_returned[0m[2m=[0m1 [3melapsed[0m[2m=[0m534.372µs
[2m2024-02-18T16:31:41.619603Z[0m [34mDEBUG[0m [2msqlx::query[0m[2m:[0m [3msummary[0m[2m=[0m"insert into \"container\"(language, port) …" [3mdb.statement[0m[2m=[0m"\n\ninsert into\n  \"container\"(language, port)\nvalues\n  ($1, $2)\n" [3mrows_affected[0m[2m=[0m1 [3mrows_returned[0m[2m=[0m0 [3melapsed[0m[2m=[0m1.277403ms
[2m2024-02-18T16:31:54.524948Z[0m [32m INFO[0m [2mkappa::routes::middleware[0m[2m:[0m api key e89f005e-1640-4ed4-b725-606f80017a4c
[2m2024-02-18T16:31:54.525738Z[0m [34mDEBUG[0m [2msqlx::query[0m[2m:[0m [3msummary[0m[2m=[0m"SELECT * FROM \"user\" …" [3mdb.statement[0m[2m=[0m"\n\nSELECT\n  *\nFROM\n  \"user\"\nWHERE\n  api_key = $1\n" [3mrows_affected[0m[2m=[0m0 [3mrows_returned[0m[2m=[0m1 [3melapsed[0m[2m=[0m181.041µs
[2m2024-02-18T16:31:54.526392Z[0m [34mDEBUG[0m [2msqlx::query[0m[2m:[0m [3msummary[0m[2m=[0m"SELECT * FROM container …" [3mdb.statement[0m[2m=[0m"\n\nSELECT\n  *\nFROM\n  container\n" [3mrows_affected[0m[2m=[0m1 [3mrows_returned[0m[2m=[0m1 [3melapsed[0m[2m=[0m269.101µs
